{"item": "circuit board", "user": 926, "date": "2023-10-16T04:01:44Z"}
{"item": "wireless mouse", "user": 168, "date": "2023-10-16T04:01:44Z"}
{"item": "CNC machine", "user": 475, "date": "2023-10-16T04:01:44Z"}
{"item": "smartwatch", "user": 738, "date": "2023-10-16T04:01:44Z"}
{"item": "robotic software", "user": 794, "date": "2023-10-16T04:01:44Z"}
{"item": "robot kit", "user": 315, "date": "2023-10-16T04:01:44Z"}
{"item": "voice recorder", "user": 250, "date": "2023-10-16T04:01:44Z"}
{"item": "thermal paste", "user": 179, "date": "2023-10-16T04:01:44Z"}
{"item": "barcode printer", "user": 112, "date": "2023-10-16T04:01:44Z"}
{"item": "wireless microphone", "user": 594, "date": "2023-10-16T04:01:44Z"}
{"item": "USB flash drive", "user": 526, "date": "2023-10-16T04:01:44Z"}
{"item": "barcode printer", "user": 59, "date": "2023-10-16T04:01:44Z"}
{"item": "smart thermostat", "user": 213, "date": "2023-10-16T04:01:44Z"}
{"item": "smartphone", "user": 995, "date": "2023-10-16T04:01:44Z"}
{"item": "LED sign", "user": 490, "date": "2023-10-16T04:01:44Z"}
{"item": "laser pointer", "user": 591, "date": "2023-10-16T04:01:44Z"}
{"item": "soundbar", "user": 969, "date": "2023-10-16T04:01:44Z"}
{"item": "VR treadmill", "user": 89, "date": "2023-10-16T04:01:44Z"}
{"item": "solar calculator", "user": 677, "date": "2023-10-16T04:01:44Z"}
{"item": "computer processor", "user": 222, "date": "2023-10-16T04:01:44Z"}
{"item": "gaming headset", "user": 111, "date": "2023-10-16T04:01:44Z"}
{"item": "USB flash drive", "user": 124, "date": "2023-10-16T04:01:44Z"}
{"item": "barcode printer", "user": 331, "date": "2023-10-16T04:01:44Z"}
{"item": "universal remote", "user": 55, "date": "2023-10-16T04:01:44Z"}
{"item": "Wacom tablet", "user": 751, "date": "2023-10-16T04:01:44Z"}
{"item": "hard disk drive", "user": 557, "date": "2023-10-16T04:01:44Z"}
{"item": "action camera", "user": 43, "date": "2023-10-16T04:01:44Z"}
{"item": "gaming mouse", "user": 477, "date": "2023-10-16T04:01:44Z"}
{"item": "USB flash drive", "user": 648, "date": "2023-10-16T04:01:44Z"}
{"item": "cord organizer", "user": 220, "date": "2023-10-16T04:01:44Z"}
{"item": "action camera", "user": 107, "date": "2023-10-16T04:01:44Z"}
{"item": "soldering station", "user": 544, "date": "2023-10-16T04:01:44Z"}
{"item": "thermal imaging camera", "user": 464, "date": "2023-10-16T04:01:44Z"}
{"item": "wireless charger", "user": 383, "date": "2023-10-16T04:01:44Z"}
{"item": "smart bulb", "user": 375, "date": "2023-10-16T04:01:44Z"}
{"item": "scientific calculator", "user": 149, "date": "2023-10-16T04:01:44Z"}
{"item": "thermal paste", "user": 290, "date": "2023-10-16T04:01:44Z"}
{"item": "scientific calculator", "user": 166, "date": "2023-10-16T04:01:44Z"}
{"item": "digital camera", "user": 551, "date": "2023-10-16T04:01:44Z"}
{"item": "smartphone", "user": 252, "date": "2023-10-16T04:01:44Z"}
{"item": "hard disk drive", "user": 41, "date": "2023-10-16T04:01:44Z"}
{"item": "RFID tag", "user": 727, "date": "2023-10-16T04:01:44Z"}
{"item": "camera", "user": 477, "date": "2023-10-16T04:01:44Z"}
{"item": "robotic kit", "user": 197, "date": "2023-10-16T04:01:44Z"}
{"item": "game controller", "user": 724, "date": "2023-10-16T04:01:44Z"}
{"item": "solar calculator", "user": 262, "date": "2023-10-16T04:01:44Z"}
{"item": "gaming mouse", "user": 927, "date": "2023-10-16T04:01:44Z"}
{"item": "robotic toy", "user": 514, "date": "2023-10-16T04:01:44Z"}
{"item": "graphics card", "user": 489, "date": "2023-10-16T04:01:44Z"}
{"item": "hard disk drive", "user": 827, "date": "2023-10-16T04:01:44Z"}
